Determining if the pthread_create exist failed with the following output:
Change Dir: /home/maxsonic/projects/vnpy/vnpy/api/ib/build/CMakeFiles/CMakeTmp

Run Build Command:"/usr/bin/make" "cmTC_8c795/fast"
/usr/bin/make -f CMakeFiles/cmTC_8c795.dir/build.make CMakeFiles/cmTC_8c795.dir/build
make[1]: Entering directory '/home/maxsonic/projects/vnpy/vnpy/api/ib/build/CMakeFiles/CMakeTmp'
Building CXX object CMakeFiles/cmTC_8c795.dir/CheckSymbolExists.cxx.o
/usr/bin/c++     -fPIC -std=c++11    -o CMakeFiles/cmTC_8c795.dir/CheckSymbolExists.cxx.o -c /home/maxsonic/projects/vnpy/vnpy/api/ib/build/CMakeFiles/CMakeTmp/CheckSymbolExists.cxx
Linking CXX executable cmTC_8c795
/usr/bin/cmake -E cmake_link_script CMakeFiles/cmTC_8c795.dir/link.txt --verbose=1
/usr/bin/c++    -fPIC -std=c++11     CMakeFiles/cmTC_8c795.dir/CheckSymbolExists.cxx.o  -o cmTC_8c795 -rdynamic 
CMakeFiles/cmTC_8c795.dir/CheckSymbolExists.cxx.o: In function `main':
CheckSymbolExists.cxx:(.text+0x1b): undefined reference to `pthread_create'
collect2: error: ld returned 1 exit status
CMakeFiles/cmTC_8c795.dir/build.make:97: recipe for target 'cmTC_8c795' failed
make[1]: *** [cmTC_8c795] Error 1
make[1]: Leaving directory '/home/maxsonic/projects/vnpy/vnpy/api/ib/build/CMakeFiles/CMakeTmp'
Makefile:126: recipe for target 'cmTC_8c795/fast' failed
make: *** [cmTC_8c795/fast] Error 2

File /home/maxsonic/projects/vnpy/vnpy/api/ib/build/CMakeFiles/CMakeTmp/CheckSymbolExists.cxx:
/* */
#include <pthread.h>

int main(int argc, char** argv)
{
  (void)argv;
#ifndef pthread_create
  return ((int*)(&pthread_create))[argc];
#else
  (void)argc;
  return 0;
#endif
}

Determining if the function pthread_create exists in the pthreads failed with the following output:
Change Dir: /home/maxsonic/projects/vnpy/vnpy/api/ib/build/CMakeFiles/CMakeTmp

Run Build Command:"/usr/bin/make" "cmTC_ba933/fast"
/usr/bin/make -f CMakeFiles/cmTC_ba933.dir/build.make CMakeFiles/cmTC_ba933.dir/build
make[1]: Entering directory '/home/maxsonic/projects/vnpy/vnpy/api/ib/build/CMakeFiles/CMakeTmp'
Building CXX object CMakeFiles/cmTC_ba933.dir/CheckFunctionExists.cxx.o
/usr/bin/c++     -fPIC -std=c++11 -DCHECK_FUNCTION_EXISTS=pthread_create   -o CMakeFiles/cmTC_ba933.dir/CheckFunctionExists.cxx.o -c /home/maxsonic/projects/vnpy/vnpy/api/ib/build/CMakeFiles/CheckLibraryExists/CheckFunctionExists.cxx
Linking CXX executable cmTC_ba933
/usr/bin/cmake -E cmake_link_script CMakeFiles/cmTC_ba933.dir/link.txt --verbose=1
/usr/bin/c++    -fPIC -std=c++11 -DCHECK_FUNCTION_EXISTS=pthread_create    CMakeFiles/cmTC_ba933.dir/CheckFunctionExists.cxx.o  -o cmTC_ba933 -rdynamic -lpthreads 
/usr/bin/ld: cannot find -lpthreads
collect2: error: ld returned 1 exit status
CMakeFiles/cmTC_ba933.dir/build.make:97: recipe for target 'cmTC_ba933' failed
make[1]: *** [cmTC_ba933] Error 1
make[1]: Leaving directory '/home/maxsonic/projects/vnpy/vnpy/api/ib/build/CMakeFiles/CMakeTmp'
Makefile:126: recipe for target 'cmTC_ba933/fast' failed
make: *** [cmTC_ba933/fast] Error 2


